<?xml version="1.0" encoding="UTF-8" ?>
<testsuite errors="0" failures="0" hostname="Basem-PC" name="org.soa.math.dispatch.MathDispatchFunctionalTest" tests="1" time="31.794" timestamp="2012-03-30T08:40:14">
  <properties>
    <property name="libs.jsp-compiler.javadoc" value="" />
    <property name="netbeans.autoupdate.country" value="US" />
    <property name="profiler.settings.sort.results.by.thread.cpu.time" value="false" />
    <property name="profiler.info.single.file" value="C:\math\SOAMath\SOADispatcher\test\org\soa\math\dispatch\MathDispatchFunctionalTest.java" />
    <property name="javac.test.classpath" value="resources:jax-ws\:build/web/WEB-INF/classes:C:\Users\Basem\.netbeans\7.1\modules\ext\junit-4.10.jar" />
    <property name="libs.jsf20.maven-pom" value="" />
    <property name="auxiliary.org-nbheaven-sqe-codedefects-core.annotation-provider-findbugs" value="false" />
    <property name="source.root" value="src" />
    <property name="do.display.browser" value="true" />
    <property name="profiler.settings.profiling.type" value="64" />
    <property name="libs.junit.javadoc" value="C:\Users\Basem\.netbeans\7.1\docs\junit-3.8.2-api.zip" />
    <property name="profiler.settings.cpu.quick.filterprofiler.simple.filter.value" value="" />
    <property name="javac.includes" value="org/soa/math/dispatch/MathDispatchFunctionalTest.java" />
    <property name="ant.core.lib" value="C:\Program Files\NetBeans 7.1\java\ant\lib\ant.jar" />
    <property name="javadoc.windowtitle" value="" />
    <property name="libs.toplink.classpath" value="C:\Program Files\NetBeans 7.1\java\modules\ext\toplink\toplink-essentials.jar;C:\Program Files\NetBeans 7.1\java\modules\ext\toplink\toplink-essentials-agent.jar" />
    <property name="libs.jsp-compilation.javadoc" value="" />
    <property name="user.dir" value="C:\Program Files\NetBeans 7.1\bin" />
    <property name="libs.hibernate-persistence.javadoc" value="" />
    <property name="java.vm.version" value="21.0-b17" />
    <property name="libs.jstl11.maven-pom" value="" />
    <property name="profiler.settings.sampling.interval" value="10" />
    <property name="libs.Java-EE-GlassFish-v3.wsimport" value="" />
    <property name="profiler.session.port.no" value="5140" />
    <property name="libs.MySQLDriver.classpath" value="C:\Program Files\NetBeans 7.1\ide\modules\ext\mysql-connector-java-5.1.13-bin.jar" />
    <property name="libs.eclipselinkmodelgen.src" value="" />
    <property name="libs.jstl11.src" value="" />
    <property name="javadoc.notree" value="false" />
    <property name="lib.dir" value="web/WEB-INF/lib" />
    <property name="netbeans.autoupdate.version" value="1.23" />
    <property name="libs.EclipseLink-GlassFish-v3.classpath" value="C:\glassfish3\glassfish\modules\org.eclipse.persistence.antlr.jar;C:\glassfish3\glassfish\modules\org.eclipse.persistence.asm.jar;C:\glassfish3\glassfish\modules\org.eclipse.persistence.core.jar;C:\glassfish3\glassfish\modules\org.eclipse.persistence.jpa.jar;C:\glassfish3\glassfish\modules\org.eclipse.persistence.jpa.modelgen.jar;C:\glassfish3\glassfish\modules\org.eclipse.persistence.moxy.jar;C:\glassfish3\glassfish\modules\org.eclipse.persistence.oracle.jar;C:\glassfish3\glassfish\modules\javax.persistence.jar" />
    <property name="libs.javaee-web-api-6.0.classpath" value="C:\Program Files\NetBeans 7.1\enterprise\modules\ext\javaee-web-api-6.0.jar" />
    <property name="libs.hibernate-support.maven-pom" value="" />
    <property name="libs.hibernate-support.javadoc" value="" />
    <property name="jdk.home" value="C:\Program Files\Java\jdk1.7.0" />
    <property name="libs.javac-api.src" value="" />
    <property name="javadoc.noindex" value="false" />
    <property name="sun.os.patch.level" value="Service Pack 1" />
    <property name="do.tmp.war.package" value="true" />
    <property name="profiler.info.oomeprotection" value="yes" />
    <property name="java.vm.specification.name" value="Java Virtual Machine Specification" />
    <property name="nb.show.statistics.ui" value="usageStatisticsEnabled" />
    <property name="netbeans.autoupdate.variant" value="" />
    <property name="have.tests" value="true" />
    <property name="org.xml.sax.driver" value="com.sun.org.apache.xerces.internal.jaxp.SAXParserImpl$JAXPSAXParser" />
    <property name="j2ee.server.instance" value="[C:\glassfish3\glassfish;C:\glassfish3\glassfish\domains\domain1]deployer:gfv3ee6wc:localhost:4848" />
    <property name="libs.javac-api.javadoc" value="" />
    <property name="os.name" value="Windows 7" />
    <property name="libs.beans-binding.classpath" value="C:\Program Files\NetBeans 7.1\java\modules\ext\beansbinding-1.2.1.jar" />
    <property name="ap.proc.none.internal" value="" />
    <property name="libs.restapi.javadoc" value="C:\Program Files\NetBeans 7.1\enterprise\docs\jsr311-api-1.1.1-javadoc.zip" />
    <property name="libs.JWSAntTasks.maven-pom" value="" />
    <property name="libs.spring-webmvc3.0.src" value="" />
    <property name="libs.restapi.classpath" value="C:\Program Files\NetBeans 7.1\enterprise\modules\ext\rest\jsr311-api-1.1.1.jar" />
    <property name="runmain.jvmargs" value="-Darg0=192.168.56.1" />
    <property name="profiler.info.javaPlatform" value="default_platform" />
    <property name="profiler.settings.profilingpoints.enabled" value="true" />
    <property name="java.vendor.url.bug" value="http://bugreport.sun.com/bugreport/" />
    <property name="profiler.settings.instr.scheme" value="1" />
    <property name="libs.jaxb.maven-pom" value="" />
    <property name="profiler.info.project.dir" value="C:\math\SOAMath\SOADispatcher" />
    <property name="os.arch" value="amd64" />
    <property name="libs.eclipselink.src" value="" />
    <property name="user.name" value="Basem" />
    <property name="j2ee.compile.on.save" value="true" />
    <property name="libs.jsf12.javadoc" value="C:\Program Files\NetBeans 7.1\enterprise\docs\javaee6-doc-api.zip" />
    <property name="libs.Comet-GlassFish-v3.javadoc" value="" />
    <property name="libs.spring-webmvc3.0.maven-pom" value="" />
    <property name="libs.swing-layout.maven-pom" value="" />
    <property name="sun.java.command" value="org.apache.tools.ant.taskdefs.optional.junit.JUnitTestRunner org.soa.math.dispatch.MathDispatchFunctionalTest filtertrace=true haltOnError=false haltOnFailure=false showoutput=true outputtoformatters=true logfailedtests=true logtestlistenerevents=true formatter=org.apache.tools.ant.taskdefs.optional.junit.BriefJUnitResultFormatter formatter=org.apache.tools.ant.taskdefs.optional.junit.XMLJUnitResultFormatter,C:\math\SOAMath\SOADispatcher\TEST-org.soa.math.dispatch.MathDispatchFunctionalTest.xml crashfile=C:\math\SOAMath\SOADispatcher\junitvmwatcher5440371975839067210.properties propsfile=C:\math\SOAMath\SOADispatcher\junit365343241911353927.properties" />
    <property name="build.classes.dir" value="build/web/WEB-INF/classes" />
    <property name="netbeans.accept_license_class" value="org.netbeans.license.AcceptLicense" />
    <property name="libs.Java-EE-GlassFish-v3.wsjwsdp" value="" />
    <property name="ap.supported.internal" value="true" />
    <property name="libs.jaxws21.javadoc" value="C:\Program Files\NetBeans 7.1\java\docs\jaxws-api-doc.zip" />
    <property name="build.web.excludes" value="**/*.java,**/*.form" />
    <property name="includes" value="**" />
    <property name="j2ee.platform.wsimport.classpath" value="C:/glassfish3/glassfish/modules/webservices-osgi.jar:C:/glassfish3/glassfish/modules/endorsed/webservices-api-osgi.jar:C:/glassfish3/glassfish/modules/jaxb-osgi.jar:C:/glassfish3/glassfish/modules/endorsed/jaxb-api-osgi.jar:C:/glassfish3/glassfish/modules/javax.ejb.jar" />
    <property name="user.country" value="US" />
    <property name="libs.jstl11.javadoc" value="C:\Program Files\NetBeans 7.1\enterprise\docs\javaee6-doc-api.zip" />
    <property name="javadoc.encoding" value="UTF-8" />
    <property name="javac.classpath" value="resources:jax-ws\" />
    <property name="libs.jsp-compilation-syscp.src" value="" />
    <property name="do.debug.server" value="true" />
    <property name="debug-transport" value="dt_shmem" />
    <property name="netbeans.home" value="C:\Program Files\NetBeans 7.1\platform" />
    <property name="build.compiler.emacs" value="true" />
    <property name="org.netbeans.lib.profiler.servletTracking" value="false" />
    <property name="libs.javaee-web-api-6.0.src" value="" />
    <property name="libs.ejb3-persistence.src" value="" />
    <property name="libs.Java-EE-GlassFish-v3.javadoc" value="C:\Program Files\NetBeans 7.1\enterprise\docs\javaee6-doc-api.zip" />
    <property name="libs.jsp-compilation-syscp.classpath" value="C:\Program Files\NetBeans 7.1\java\ant\lib\ant.jar;C:\Program Files\NetBeans 7.1\enterprise\modules\ext\servlet3.0-jsp2.2-api.jar;C:\Program Files\NetBeans 7.1\enterprise\modules\ext\glassfish-jspparser-3.0.jar;C:\Program Files\NetBeans 7.1\enterprise\modules\ext\standard.jar;C:\Program Files\NetBeans 7.1\enterprise\modules\ext\jsf-2_1\jsf-impl.jar" />
    <property name="java.endorsed.dirs" value="C:\Program Files\Java\jdk1.7.0\jre\lib\endorsed" />
    <property name="libs.Comet-GlassFish-v3.maven-pom" value="" />
    <property name="libs.groovy-all.src" value="" />
    <property name="netbeans.dynamic.classpath" value="C:\Program Files\NetBeans 7.1\platform\core\core.jar;C:\Program Files\NetBeans 7.1\platform\core\org-openide-filesystems.jar;C:\Program Files\NetBeans 7.1\platform\core\locale\core_ja.jar;C:\Program Files\NetBeans 7.1\platform\core\locale\core_pt_BR.jar;C:\Program Files\NetBeans 7.1\platform\core\locale\core_ru.jar;C:\Program Files\NetBeans 7.1\platform\core\locale\core_zh_CN.jar;C:\Program Files\NetBeans 7.1\platform\core\locale\org-openide-filesystems_ja.jar;C:\Program Files\NetBeans 7.1\platform\core\locale\org-openide-filesystems_pt_BR.jar;C:\Program Files\NetBeans 7.1\platform\core\locale\org-openide-filesystems_ru.jar;C:\Program Files\NetBeans 7.1\platform\core\locale\org-openide-filesystems_zh_CN.jar;C:\Program Files\NetBeans 7.1\nb\core\org-netbeans-upgrader.jar;C:\Program Files\NetBeans 7.1\nb\core\locale\core_nb.jar;C:\Program Files\NetBeans 7.1\nb\core\locale\core_nb_ja.jar;C:\Program Files\NetBeans 7.1\nb\core\locale\core_nb_pt_BR.jar;C:\Program Files\NetBeans 7.1\nb\core\locale\core_nb_ru.jar;C:\Program Files\NetBeans 7.1\nb\core\locale\core_nb_zh_CN.jar;C:\Program Files\NetBeans 7.1\nb\core\locale\org-netbeans-upgrader_ja.jar;C:\Program Files\NetBeans 7.1\nb\core\locale\org-netbeans-upgrader_pt_BR.jar;C:\Program Files\NetBeans 7.1\nb\core\locale\org-netbeans-upgrader_ru.jar;C:\Program Files\NetBeans 7.1\nb\core\locale\org-netbeans-upgrader_zh_CN.jar" />
    <property name="profiler.settings.instrumentation.filter.selectedprofiler.simple.filter.type" value="2" />
    <property name="java.vm.specification.version" value="1.7" />
    <property name="libs.primefaces.classpath" value="C:\Program Files\NetBeans 7.1\enterprise\modules\ext\primefaces\primefaces-2.2.1.jar" />
    <property name="libs.javaee-api-6.0.classpath" value="C:\Program Files\NetBeans 7.1\enterprise\modules\ext\javaee-api-6.0.jar" />
    <property name="libs.groovy-all.maven-pom" value="" />
    <property name="netbeans.productversion" value="NetBeans IDE 7.1 (Build 201112071828)" />
    <property name="libs.hibernate-persistence.classpath" value="C:\Program Files\NetBeans 7.1\java\modules\ext\hibernate\antlr-2.7.6.jar;C:\Program Files\NetBeans 7.1\java\modules\ext\hibernate\asm.jar;C:\Program Files\NetBeans 7.1\java\modules\ext\hibernate\asm-attrs.jar;C:\Program Files\NetBeans 7.1\java\modules\ext\hibernate\cglib-2.1.3.jar;C:\Program Files\NetBeans 7.1\java\modules\ext\hibernate\commons-collections-2.1.1.jar;C:\Program Files\NetBeans 7.1\ide\modules\org-apache-commons-logging.jar;C:\Program Files\NetBeans 7.1\java\modules\ext\hibernate\dom4j-1.6.1.jar;C:\Program Files\NetBeans 7.1\java\modules\ext\hibernate\ehcache-1.2.3.jar;C:\Program Files\NetBeans 7.1\java\modules\ext\hibernate\jdbc2_0-stdext.jar;C:\Program Files\NetBeans 7.1\java\modules\ext\hibernate\jta.jar;C:\Program Files\NetBeans 7.1\java\modules\ext\hibernate\hibernate3.jar;C:\Program Files\NetBeans 7.1\java\modules\ext\hibernate\hibernate-tools.jar;C:\Program Files\NetBeans 7.1\java\modules\ext\hibernate\hibernate-annotations.jar;C:\Program Files\NetBeans 7.1\java\modules\ext\hibernate\hibernate-commons-annotations.jar;C:\Program Files\NetBeans 7.1\java\modules\ext\hibernate\hibernate-entitymanager.jar;C:\Program Files\NetBeans 7.1\java\modules\ext\hibernate\javassist.jar;C:\Program Files\NetBeans 7.1\java\modules\ext\hibernate\ejb3-persistence.jar" />
    <property name="libs.jaxws21.src" value="" />
    <property name="do.war.package.with.custom.manifest" value="true" />
    <property name="netbeans.autoupdate.language" value="en" />
    <property name="ant.file.SOADispatcher-impl" value="C:\math\SOAMath\SOADispatcher\nbproject\build-impl.xml" />
    <property name="profiler.settings.override.jvm.args" value="" />
    <property name="java.vendor" value="Oracle Corporation" />
    <property name="libs.javaee-api-6.0.javadoc" value="C:\Program Files\NetBeans 7.1\enterprise\docs\javaee6-doc-api.zip" />
    <property name="javac.debug" value="true" />
    <property name="javadoc.splitindex" value="true" />
    <property name="file.separator" value="\" />
    <property name="libs.restlib_gfv3ee6.classpath" value="C:\glassfish3\glassfish\modules\jackson-core-asl.jar;C:\glassfish3\glassfish\modules\jackson-jaxrs.jar;C:\glassfish3\glassfish\modules\jackson-mapper-asl.jar;C:\glassfish3\glassfish\modules\jersey-client.jar;C:\glassfish3\glassfish\modules\jersey-core.jar;C:\glassfish3\glassfish\modules\jersey-gf-server.jar;C:\glassfish3\glassfish\modules\jersey-json.jar;C:\glassfish3\glassfish\modules\jersey-multipart.jar;C:\glassfish3\glassfish\modules\jettison.jar;C:\glassfish3\glassfish\modules\mimepull.jar" />
    <property name="libs.junit_4.maven-pom" value="" />
    <property name="resource.dir" value="setup" />
    <property name="javac.test.processorpath" value="resources:jax-ws\:build/web/WEB-INF/classes:C:\Users\Basem\.netbeans\7.1\modules\ext\junit-4.10.jar" />
    <property name="netbeans.buildnumber" value="201112071828" />
    <property name="libs.JWSAntTasks.javadoc" value="" />
    <property name="build.generated.sources.dir" value="build/generated-sources" />
    <property name="user.variant" value="" />
    <property name="libs.eclipselinkmodelgen.classpath" value="C:\Program Files\NetBeans 7.1\java\modules\ext\eclipselink\eclipselink-jpa-modelgen-2.3.0.jar" />
    <property name="libs.Java-EE-GlassFish-v3.wscompile" value="" />
    <property name="sun.java.launcher" value="SUN_STANDARD" />
    <property name="libs.junit.classpath" value="C:\Users\Basem\.netbeans\7.1\modules\ext\junit-3.8.2.jar" />
    <property name="profiler.settings.obj.alloc.stack.sampling.interval" value="10" />
    <property name="libs.jaxb.javadoc" value="C:\Program Files\NetBeans 7.1\ide\docs\jaxb-api-doc.zip" />
    <property name="libs.struts.classpath" value="C:\Program Files\NetBeans 7.1\enterprise\modules\ext\struts\antlr-2.7.2.jar;C:\Program Files\NetBeans 7.1\enterprise\modules\ext\struts\bsf-2.3.0.jar;C:\Program Files\NetBeans 7.1\enterprise\modules\ext\struts\commons-beanutils-1.8.0.jar;C:\Program Files\NetBeans 7.1\enterprise\modules\ext\struts\commons-chain-1.2.jar;C:\Program Files\NetBeans 7.1\enterprise\modules\ext\struts\commons-digester-1.8.jar;C:\Program Files\NetBeans 7.1\enterprise\modules\ext\struts\commons-fileupload-1.1.1.jar;C:\Program Files\NetBeans 7.1\enterprise\modules\ext\struts\commons-io-1.1.jar;C:\Program Files\NetBeans 7.1\enterprise\modules\ext\struts\commons-logging-1.0.4.jar;C:\Program Files\NetBeans 7.1\enterprise\modules\ext\struts\commons-validator-1.3.1.jar;C:\Program Files\NetBeans 7.1\enterprise\modules\ext\struts\jstl-1.0.2.jar;C:\Program Files\NetBeans 7.1\enterprise\modules\ext\struts\oro-2.0.8.jar;C:\Program Files\NetBeans 7.1\enterprise\modules\ext\struts\standard-1.0.6.jar;C:\Program Files\NetBeans 7.1\enterprise\modules\ext\struts\struts-core-1.3.10.jar;C:\Program Files\NetBeans 7.1\enterprise\modules\ext\struts\struts-el-1.3.10.jar;C:\Program Files\NetBeans 7.1\enterprise\modules\ext\struts\struts-extras-1.3.10.jar;C:\Program Files\NetBeans 7.1\enterprise\modules\ext\struts\struts-faces-1.3.10.jar;C:\Program Files\NetBeans 7.1\enterprise\modules\ext\struts\struts-mailreader-dao-1.3.10.jar;C:\Program Files\NetBeans 7.1\enterprise\modules\ext\struts\struts-scripting-1.3.10.jar;C:\Program Files\NetBeans 7.1\enterprise\modules\ext\struts\struts-taglib-1.3.10.jar;C:\Program Files\NetBeans 7.1\enterprise\modules\ext\struts\struts-tiles-1.3.10.jar" />
    <property name="application.args.param" value="" />
    <property name="profiler.settings.cpu.quick.filterprofiler.filter.type" value="profiler.simple.filter" />
    <property name="org.openide.awt.SwingBrowserImpl.do-not-block-awt" value="false" />
    <property name="ant.home" value="C:\Program Files\NetBeans 7.1\java\ant" />
    <property name="libs.junit_4.src" value="C:\Users\Basem\.netbeans\7.1\docs\junit-4.10-sources.jar" />
    <property name="conf.dir" value="src/conf" />
    <property name="webinf.dir" value="web/WEB-INF" />
    <property name="libs.absolutelayout.maven-pom" value="" />
    <property name="ant.java.version" value="1.7" />
    <property name="java.library.path" value="C:\Program Files\Java\jdk1.7.0\bin;C:\Windows\Sun\Java\bin;C:\Windows\system32;C:\Windows;C:\Program Files\Java\jdk1.7.0\\bin;C:\Program Files (x86)\PHP\;C:\Windows\system32;C:\Windows;C:\Windows\System32\Wbem;C:\Windows\System32\WindowsPowerShell\v1.0\;C:\Program Files\PuTTY;C:\Python27;C:\Python27\Scripts;C:\cygwin\bin;C:\Program Files\Intel\WiFi\bin\;C:\Program Files\Common Files\Intel\WirelessCommon\;C:\Program Files (x86)\Git\cmd;C:\Program Files (x86)\Notepad++\;C:\Program Files\MySQL\MySQL Server 5.5\bin;C:\Program Files\Intel\WiFi\bin\;C:\Program Files\Common Files\Intel\WirelessCommon\;;." />
    <property name="javadoc.author" value="false" />
    <property name="profiler.j2ee.serverStartupTimeout" value="300000" />
    <property name="libs.metro.maven-pom" value="" />
    <property name="profiler.settings.run.gc.on.get.results.in.memory.profiling" value="true" />
    <property name="libs.EclipseLink-GlassFish-v3.src" value="" />
    <property name="java.util.logging.config.class" value="org.netbeans.core.startup.TopLogging" />
    <property name="profiler.settings.instrumentation.filter.selectedprofiler.simple.filter.value" value="org.apache.jsp.index_jsp org.soa.math.request. org.soa.math.properties. org.soa.math.dispatch. org.soa.math.dispatch.server. org.soa.math.resource. org.soa.math.resource.clients. org.soa.math.resource.clients.arithmatic. org.soa.math.resource.type. org.soa.math.executer. org.soa.math.executer.task. org.soa.math.utils.logging. org.soa.math.global. org.soa.math.queue. services.arithmatic." />
    <property name="libs.PostgreSQLDriver.src" value="" />
    <property name="profiler.settings.cpu.sampling.frequency" value="10" />
    <property name="sun.arch.data.model" value="64" />
    <property name="profiler.session.jvm.args" value="" />
    <property name="basedir" value="C:\math\SOAMath\SOADispatcher" />
    <property name="jar.compress" value="false" />
    <property name="libs.jstl11.classpath" value="C:\Program Files\NetBeans 7.1\enterprise\modules\ext\standard.jar;C:\Program Files\NetBeans 7.1\enterprise\modules\ext\jstl.jar" />
    <property name="path.separator" value=";" />
    <property name="dist.war" value="dist/SOADispatcher.war" />
    <property name="libs.javaee-web-api-6.0.javadoc" value="C:\Program Files\NetBeans 7.1\enterprise\docs\javaee6-doc-api.zip" />
    <property name="ant.junit.enabletestlistenerevents" value="true" />
    <property name="sun.io.unicode.encoding" value="UnicodeLittle" />
    <property name="libs.jaxws21.classpath" value="C:\Program Files\NetBeans 7.1\ide\modules\ext\jaxb\jaxb-impl.jar;C:\Program Files\NetBeans 7.1\ide\modules\ext\jaxb\jaxb-xjc.jar;C:\Program Files\NetBeans 7.1\java\modules\ext\jaxws22\FastInfoset.jar;C:\Program Files\NetBeans 7.1\java\modules\ext\jaxws22\gmbal-api-only.jar;C:\Program Files\NetBeans 7.1\java\modules\ext\jaxws22\http.jar;C:\Program Files\NetBeans 7.1\java\modules\ext\jaxws22\jaxws-rt.jar;C:\Program Files\NetBeans 7.1\java\modules\ext\jaxws22\jaxws-tools.jar;C:\Program Files\NetBeans 7.1\java\modules\ext\jaxws22\management-api.jar;C:\Program Files\NetBeans 7.1\java\modules\ext\jaxws22\mimepull.jar;C:\Program Files\NetBeans 7.1\java\modules\ext\jaxws22\policy.jar;C:\Program Files\NetBeans 7.1\java\modules\ext\jaxws22\saaj-impl.jar;C:\Program Files\NetBeans 7.1\java\modules\ext\jaxws22\stax-ex.jar;C:\Program Files\NetBeans 7.1\java\modules\ext\jaxws22\streambuffer.jar;C:\Program Files\NetBeans 7.1\java\modules\ext\jaxws22\woodstox.jar;C:\Program Files\NetBeans 7.1\java\modules\ext\jaxws22\api\jaxws-api.jar;C:\Program Files\NetBeans 7.1\java\modules\ext\jaxws22\api\jsr181-api.jar;C:\Program Files\NetBeans 7.1\java\modules\ext\jaxws22\api\jsr250-api.jar;C:\Program Files\NetBeans 7.1\java\modules\ext\jaxws22\api\saaj-api.jar;C:\Program Files\NetBeans 7.1\ide\modules\ext\jaxb\activation.jar;C:\Program Files\NetBeans 7.1\ide\modules\ext\jaxb\api\jaxb-api.jar;C:\Program Files\NetBeans 7.1\ide\modules\ext\jaxb\api\jsr173_api.jar" />
    <property name="libs.struts.src" value="" />
    <property name="apple.awt.graphics.UseQuartz" value="true" />
    <property name="user.language" value="en" />
    <property name="j2ee.platform.classpath" value="C:/glassfish3/glassfish/modules/javax.jms.jar:C:/glassfish3/glassfish/modules/jersey-core.jar:C:/glassfish3/glassfish/modules/javax.ejb.jar:C:/glassfish3/glassfish/modules/javax.el-api.jar:C:/glassfish3/glassfish/modules/endorsed/javax.annotation.jar:C:/glassfish3/glassfish/modules/endorsed/jaxb-api-osgi.jar:C:/glassfish3/mq/lib/jaxm-api.jar:C:/glassfish3/glassfish/modules/javax.faces.jar:C:/glassfish3/glassfish/modules/javax.management.j2ee.jar:C:/glassfish3/glassfish/modules/endorsed/webservices-api-osgi.jar:C:/glassfish3/glassfish/modules/bean-validator.jar:C:/glassfish3/glassfish/modules/javax.transaction.jar:C:/glassfish3/glassfish/modules/javax.mail.jar:C:/glassfish3/glassfish/modules/javax.servlet-api.jar:C:/glassfish3/glassfish/modules/javax.servlet.jsp-api.jar:C:/glassfish3/glassfish/modules/javax.persistence.jar:C:/glassfish3/glassfish/modules/javax.security.jacc.jar:C:/glassfish3/glassfish/modules/webservices-osgi.jar:C:/glassfish3/glassfish/modules/javax.resource.jar:C:/glassfish3/glassfish/modules/javax.security.auth.message.jar:C:/glassfish3/glassfish/modules/jaxb-osgi.jar:C:/glassfish3/glassfish/modules/javax.servlet.jsp.jstl-api.jar:C:/glassfish3/glassfish/modules/weld-osgi-bundle.jar:C:/glassfish3/glassfish/modules/javax.enterprise.deploy.jar" />
    <property name="libs.JAXB-ENDORSED.maven-pom" value="" />
    <property name="libs.spring-framework.classpath" value="C:\Program Files\NetBeans 7.1\ide\modules\org-apache-commons-logging.jar;C:\Program Files\NetBeans 7.1\java\modules\ext\cglib-2.2.jar;C:\Program Files\NetBeans 7.1\java\modules\ext\spring\spring-2.5.6.SEC01.jar" />
    <property name="profiler.settings.instrumentation.filter.selectedprofiler.filter.type" value="profiler.simple.filter" />
    <property name="libs.eclipselink.maven-pom" value="" />
    <property name="build.meta.inf.dir" value="build/web/META-INF" />
    <property name="profiler.info.oomeprotection.dumppath" value="C:\math\SOAMath\SOADispatcher\nbproject\private\profiler" />
    <property name="persistence.xml.dir" value="src/conf" />
    <property name="profiler.settings.thread.cpu.timer.on" value="true" />
    <property name="libs.primefaces.javadoc" value="" />
    <property name="ant.file.type.SOADispatcher-impl" value="file" />
    <property name="libs.spring-framework300.maven-pom" value="" />
    <property name="run.test.classpath" value="resources:jax-ws\:build/web/WEB-INF/classes:C:\Users\Basem\.netbeans\7.1\modules\ext\junit-4.10.jar:build/test/classes" />
    <property name="ant.project.invoked-targets" value="profile-test-single" />
    <property name="libs.swing-layout.javadoc" value="C:\Program Files\NetBeans 7.1\platform\docs\swing-layout-1.0.4-doc.zip" />
    <property name="libs.ejb3-persistence.maven-pom" value="" />
    <property name="jspc.schemas" value="/resources/schemas/" />
    <property name="libs.PostgreSQLDriver.maven-pom" value="" />
    <property name="java.class.version" value="51.0" />
    <property name="libs.javaee-endorsed-api-6.0.src" value="" />
    <property name="profiler.settings.instrumentation.root.methods.size" value="0" />
    <property name="netbeans.system_http_proxy" value="DIRECT" />
    <property name="libs.eclipselink.javadoc" value="" />
    <property name="libs.jsp-compilation.maven-pom" value="" />
    <property name="user.properties.file" value="C:\Users\Basem\.netbeans\7.1\build.properties" />
    <property name="profiler.settings.instrumentation.marker.methods.size" value="0" />
    <property name="build.web.dir" value="build/web" />
    <property name="libs.spring-framework.src" value="" />
    <property name="libs.javac-api.maven-pom" value="" />
    <property name="file.encoding.pkg" value="sun.io" />
    <property name="sun.cpu.endian" value="little" />
    <property name="libs.JAXB-ENDORSED.javadoc" value="" />
    <property name="j2ee.server.middleware" value="C:/glassfish3" />
    <property name="libs.JWSAntTasks.classpath" value="C:\Users\Basem\.netbeans\7.1\ant\extra\org-netbeans-modules-javawebstart-anttasks.jar" />
    <property name="libs.spring-framework300.src" value="" />
    <property name="empty.dir" value="C:\math\SOAMath\SOADispatcher\build\empty" />
    <property name="display.browser" value="true" />
    <property name="version-output" value="java version &quot;1.7" />
    <property name="javadoc.preview" value="true" />
    <property name="profiler.info.jvmargs.extra" value=" -XX:+HeapDumpOnOutOfMemoryError -XX:HeapDumpPath=C:\math\SOAMath\SOADispatcher\nbproject\private\profiler " />
    <property name="java.home" value="C:\Program Files\Java\jdk1.7.0\jre" />
    <property name="profiler.j2ee.agentID" value="-Dnbprofiler.agentid=919517680" />
    <property name="libs.jsp-compilation.src" value="" />
    <property name="libs.spring-webmvc.src" value="" />
    <property name="debug.test.classpath" value="resources:jax-ws\:build/web/WEB-INF/classes:C:\Users\Basem\.netbeans\7.1\modules\ext\junit-4.10.jar:build/test/classes" />
    <property name="libs.javaee-endorsed-api-6.0.classpath" value="C:\Program Files\NetBeans 7.1\enterprise\modules\ext\javaee6-endorsed\javax.annotation.jar;C:\Program Files\NetBeans 7.1\enterprise\modules\ext\javaee6-endorsed\jaxb-api-osgi.jar;C:\Program Files\NetBeans 7.1\enterprise\modules\ext\javaee6-endorsed\webservices-api-osgi.jar" />
    <property name="libs.javaee-api-6.0.src" value="" />
    <property name="netbeans.importclass" value="org.netbeans.upgrade.AutoUpgrade" />
    <property name="ant.project.default-target" value="default" />
    <property name="annotation.processing.run.all.processors" value="true" />
    <property name="libs.toplink.maven-pom" value="" />
    <property name="libs.PostgreSQLDriver.javadoc" value="" />
    <property name="libs.restlib.classpath" value="C:\Program Files\NetBeans 7.1\enterprise\modules\ext\rest\asm-3.1.jar;C:\Program Files\NetBeans 7.1\enterprise\modules\ext\rest\jackson-core-asl-1.7.1.jar;C:\Program Files\NetBeans 7.1\enterprise\modules\ext\rest\jackson-jaxrs-1.7.1.jar;C:\Program Files\NetBeans 7.1\enterprise\modules\ext\rest\jackson-mapper-asl-1.7.1.jar;C:\Program Files\NetBeans 7.1\enterprise\modules\ext\rest\jackson-xc-1.7.1.jar;C:\Program Files\NetBeans 7.1\enterprise\modules\ext\rest\jersey-apache-client-1.8.jar;C:\Program Files\NetBeans 7.1\enterprise\modules\ext\rest\jersey-atom-abdera-1.8.jar;C:\Program Files\NetBeans 7.1\enterprise\modules\ext\rest\jersey-client-1.8.jar;C:\Program Files\NetBeans 7.1\enterprise\modules\ext\rest\jersey-core-1.8.jar;C:\Program Files\NetBeans 7.1\enterprise\modules\ext\rest\jersey-guice-1.8.jar;C:\Program Files\NetBeans 7.1\enterprise\modules\ext\rest\jersey-json-1.8.jar;C:\Program Files\NetBeans 7.1\enterprise\modules\ext\rest\jersey-multipart-1.8.jar;C:\Program Files\NetBeans 7.1\enterprise\modules\ext\rest\jersey-server-1.8.jar;C:\Program Files\NetBeans 7.1\enterprise\modules\ext\rest\jersey-simple-server-1.8.jar;C:\Program Files\NetBeans 7.1\enterprise\modules\ext\rest\jersey-spring-1.8.jar;C:\Program Files\NetBeans 7.1\enterprise\modules\ext\rest\jettison-1.1.jar;C:\Program Files\NetBeans 7.1\enterprise\modules\ext\rest\oauth-client-1.8.jar;C:\Program Files\NetBeans 7.1\enterprise\modules\ext\rest\oauth-server-1.8.jar;C:\Program Files\NetBeans 7.1\enterprise\modules\ext\rest\oauth-signature-1.8.jar;C:\Program Files\NetBeans 7.1\ide\modules\ext\jaxb\activation.jar;C:\Program Files\NetBeans 7.1\ide\modules\ext\jaxb\api\jaxb-api.jar;C:\Program Files\NetBeans 7.1\ide\modules\ext\jaxb\api\jsr173_api.jar" />
    <property name="profiler.settings.instrumentation.filter.selectedprofiler.simple.filter.name" value="Profile only project classes" />
    <property name="libs.MySQLDriver.maven-pom" value="" />
    <property name="j2ee.platform.wsgen.classpath" value="C:/glassfish3/glassfish/modules/webservices-osgi.jar:C:/glassfish3/glassfish/modules/endorsed/webservices-api-osgi.jar:C:/glassfish3/glassfish/modules/jaxb-osgi.jar:C:/glassfish3/glassfish/modules/endorsed/jaxb-api-osgi.jar:C:/glassfish3/glassfish/modules/javax.ejb.jar" />
    <property name="libs.junit_4.javadoc" value="C:\Users\Basem\.netbeans\7.1\docs\junit-4.10-javadoc.jar" />
    <property name="libs.spring-webmvc.javadoc" value="" />
    <property name="libs.toplink.src" value="" />
    <property name="libs.EclipseLink-GlassFish-v3.maven-pom" value="" />
    <property name="libs.javaee-web-api-6.0.maven-pom" value="" />
    <property name="profiler.settigns.ispreset" value="true" />
    <property name="j2ee.deploy.on.save" value="true" />
    <property name="profile.class" value="org.soa.math.dispatch.MathDispatchFunctionalTest" />
    <property name="libs.hibernate-support.src" value="" />
    <property name="libs.javaee-endorsed-api-6.0.javadoc" value="C:\Program Files\NetBeans 7.1\enterprise\docs\javaee6-doc-api.zip" />
    <property name="profiler.settings.cpu.exclude.wait.time" value="true" />
    <property name="profiler.settings.override" value="false" />
    <property name="libs.spring-webmvc3.0.javadoc" value="" />
    <property name="annotation.processing.enabled.in.editor" value="true" />
    <property name="profiler.settings.cpu.quick.filterprofiler.simple.filter.type" value="1" />
    <property name="profiler.session.args" value="" />
    <property name="libs.restapi.src" value="" />
    <property name="sun.management.compiler" value="HotSpot 64-Bit Tiered Compilers" />
    <property name="javac.deprecation" value="false" />
    <property name="javadoc.use" value="true" />
    <property name="client.urlPart" value="" />
    <property name="sun.java2d.noddraw" value="true" />
    <property name="libs.jsp-compiler.classpath" value="C:\Program Files\NetBeans 7.1\enterprise\ant\extra\jspcompile.jar" />
    <property name="dist.ear.war" value="dist/SOADispatcher.war" />
    <property name="javac.processorpath" value="resources:jax-ws\" />
    <property name="src.jax-ws.dir" value="jax-ws" />
    <property name="libs.spring-webmvc.classpath" value="C:\Program Files\NetBeans 7.1\enterprise\modules\ext\spring\spring-webmvc-2.5.6.SEC01.jar" />
    <property name="javac.compilerargs" value="" />
    <property name="ant.file" value="C:\math\SOAMath\SOADispatcher\build.xml" />
    <property name="libs.beans-binding.maven-pom" value="" />
    <property name="libs.jsf12.classpath" value="C:\Program Files\NetBeans 7.1\enterprise\modules\ext\jsf-1_2\commons-beanutils.jar;C:\Program Files\NetBeans 7.1\enterprise\modules\ext\jsf-1_2\commons-collections.jar;C:\Program Files\NetBeans 7.1\enterprise\modules\ext\jsf-1_2\commons-digester.jar;C:\Program Files\NetBeans 7.1\enterprise\modules\ext\jsf-1_2\commons-logging.jar;C:\Program Files\NetBeans 7.1\enterprise\modules\ext\jsf-1_2\jsf-api.jar;C:\Program Files\NetBeans 7.1\enterprise\modules\ext\jsf-1_2\jsf-impl.jar" />
    <property name="has.custom.manifest" value="true" />
    <property name="libs.restapi.maven-pom" value="" />
    <property name="libs.beans-binding.src" value="" />
    <property name="java.vm.specification.vendor" value="Oracle Corporation" />
    <property name="libs.swing-layout.src" value="C:\Program Files\NetBeans 7.1\platform\docs\swing-layout-1.0.4-src.zip" />
    <property name="libs.Java-EE-GlassFish-v3.embedabbleejb" value="" />
    <property name="org.openide.major.version" value="IDE/1" />
    <property name="java.vm.name" value="Java HotSpot(TM) 64-Bit Server VM" />
    <property name="do.display.browser.debug" value="true" />
    <property name="netbeans.user" value="C:\Users\Basem\.netbeans\7.1" />
    <property name="javadoc.additionalparam" value="" />
    <property name="profiler.session.java.architecture" value="64" />
    <property name="java.io.tmpdir" value="C:\Users\Basem\AppData\Local\Temp\" />
    <property name="java.vendor.url" value="http://java.oracle.com/" />
    <property name="endorsed.classpath.cmd.line.arg" value="-Xbootclasspath/p:&apos;C:\Program Files\NetBeans 7.1\enterprise\modules\ext\javaee6-endorsed\javax.annotation.jar;C:\Program Files\NetBeans 7.1\enterprise\modules\ext\javaee6-endorsed\jaxb-api-osgi.jar;C:\Program Files\NetBeans 7.1\enterprise\modules\ext\javaee6-endorsed\webservices-api-osgi.jar&apos;" />
    <property name="j2ee.platform.wsit.classpath" value="" />
    <property name="profiler.settings.instrument.spawned.threads" value="false" />
    <property name="compile.jsps" value="false" />
    <property name="libs.jsp-compiler.src" value="" />
    <property name="deploy.ant.properties.file" value="C:\Users\Basem\.netbeans\7.1\gfv3-312634849.properties" />
    <property name="j2ee.platform.wscompile.classpath" value="C:/glassfish3/glassfish/modules/webservices-osgi.jar" />
    <property name="sun.boot.library.path" value="C:\Program Files\Java\jdk1.7.0\jre\bin" />
    <property name="have.sources" value="true" />
    <property name="debug.classpath" value="build/web/WEB-INF/classes:resources:jax-ws\" />
    <property name="war.name" value="SOADispatcher.war" />
    <property name="javadoc.private" value="false" />
    <property name="test.src.dir" value="test" />
    <property name="libs.jsf20.classpath" value="C:\Program Files\NetBeans 7.1\enterprise\modules\ext\jsf-2_1\jsf-api.jar;C:\Program Files\NetBeans 7.1\enterprise\modules\ext\jsf-2_1\jsf-impl.jar" />
    <property name="ap.processors.internal" value="" />
    <property name="javadoc.encoding.used" value="UTF-8" />
    <property name="profiler.settings.code.region.cpu.res.buf.size" value="1000" />
    <property name="ant.file.SOADispatcher" value="C:\math\SOAMath\SOADispatcher\build.xml" />
    <property name="java.runtime.name" value="Java(TM) SE Runtime Environment" />
    <property name="profiler.info.jvmargs" value=" -XX:+HeapDumpOnOutOfMemoryError -XX:HeapDumpPath=C:\math\SOAMath\SOADispatcher\nbproject\private\profiler " />
    <property name="ant.project.name" value="SOADispatcher" />
    <property name="netbeans.hash.code" value="unique=NB_GROOVY_JAVA_WEBEE030cf5a39-ba82-4195-88e6-75ff1cad5268_efaae12b-5feb-4fba-abee-086950a7b0e7" />
    <property name="libs.jsp-compilation-syscp.maven-pom" value="" />
    <property name="sun.cpu.isalist" value="amd64" />
    <property name="libs.CopyLibs.javadoc" value="" />
    <property name="profiler.settings.n.profiled.threads.limit" value="32" />
    <property name="j2ee.server.domain" value="C:/glassfish3/glassfish/domains/domain1" />
    <property name="org.openide.specification.version" value="6.2" />
    <property name="j2ee.server.home" value="C:/glassfish3/glassfish" />
    <property name="libs.hibernate-support.classpath" value="C:\Program Files\NetBeans 7.1\java\modules\ext\hibernate\antlr-2.7.6.jar;C:\Program Files\NetBeans 7.1\java\modules\ext\hibernate\asm.jar;C:\Program Files\NetBeans 7.1\java\modules\ext\hibernate\asm-attrs.jar;C:\Program Files\NetBeans 7.1\java\modules\ext\hibernate\cglib-2.1.3.jar;C:\Program Files\NetBeans 7.1\java\modules\ext\hibernate\commons-collections-2.1.1.jar;C:\Program Files\NetBeans 7.1\ide\modules\org-apache-commons-logging.jar;C:\Program Files\NetBeans 7.1\java\modules\ext\hibernate\dom4j-1.6.1.jar;C:\Program Files\NetBeans 7.1\java\modules\ext\hibernate\ehcache-1.2.3.jar;C:\Program Files\NetBeans 7.1\java\modules\ext\hibernate\jdbc2_0-stdext.jar;C:\Program Files\NetBeans 7.1\java\modules\ext\hibernate\jta.jar;C:\Program Files\NetBeans 7.1\java\modules\ext\hibernate\hibernate3.jar;C:\Program Files\NetBeans 7.1\java\modules\ext\hibernate\hibernate-tools.jar;C:\Program Files\NetBeans 7.1\java\modules\ext\hibernate\hibernate-annotations.jar;C:\Program Files\NetBeans 7.1\java\modules\ext\hibernate\hibernate-commons-annotations.jar;C:\Program Files\NetBeans 7.1\java\modules\ext\hibernate\hibernate-entitymanager.jar;C:\Program Files\NetBeans 7.1\java\modules\ext\hibernate\javassist.jar" />
    <property name="user.home" value="C:\Users\Basem" />
    <property name="annotation.processing.processors.list" value="" />
    <property name="debug-args-line" value="-Xdebug" />
    <property name="libs.primefaces.maven-pom" value="" />
    <property name="libs.javaee-api-6.0.maven-pom" value="" />
    <property name="libs.JWSAntTasks.src" value="" />
    <property name="libs.CopyLibs.maven-pom" value="" />
    <property name="libs.absolutelayout.javadoc" value="" />
    <property name="libs.hibernate-persistence.maven-pom" value="" />
    <property name="libs.spring-framework300.javadoc" value="" />
    <property name="java.specification.name" value="Java Platform API Specification" />
    <property name="guice.disable.misplaced.annotation.check" value="true" />
    <property name="no.dist.ear.dir" value="true" />
    <property name="profiler.settings.threads.monitoring.enabled" value="false" />
    <property name="java.specification.vendor" value="Oracle Corporation" />
    <property name="libs.javac-api.classpath" value="C:\Program Files\NetBeans 7.1\java\modules\ext\javac-api-nb-7.0-b07.jar" />
    <property name="java.version" value="1.7.0" />
    <property name="javadoc.version" value="false" />
    <property name="libs.MySQLDriver.javadoc" value="" />
    <property name="org.openide.version" value="deprecated" />
    <property name="libs.restlib_gfv3ee6.maven-pom" value="" />
    <property name="source.encoding" value="UTF-8" />
    <property name="ap.cmd.line.internal" value="" />
    <property name="libs.eclipselinkmodelgen.maven-pom" value="" />
    <property name="libs.jsp-compilation-syscp.javadoc" value="" />
    <property name="libs.junit.maven-pom" value="" />
    <property name="libs.eclipselinkmodelgen.javadoc" value="" />
    <property name="libs.metro.javadoc" value="C:\Program Files\NetBeans 7.1\enterprise\docs\metro-1.4-doc.zip" />
    <property name="libs.struts.maven-pom" value="" />
    <property name="netbeans.home+have.tests" value="true" />
    <property name="profiler.info.jvm" value="C:\Program Files\Java\jdk1.7.0\bin\java.exe" />
    <property name="libs.jaxb.src" value="" />
    <property name="libs.Java-EE-GlassFish-v3.wsgenerate" value="" />
    <property name="libs.jaxb.classpath" value="C:\Program Files\NetBeans 7.1\ide\modules\ext\jaxb\jaxb-impl.jar;C:\Program Files\NetBeans 7.1\ide\modules\ext\jaxb\jaxb-xjc.jar;C:\Program Files\NetBeans 7.1\ide\modules\ext\jaxb\jaxb1-impl.jar;C:\Program Files\NetBeans 7.1\ide\modules\ext\jaxb\activation.jar;C:\Program Files\NetBeans 7.1\ide\modules\ext\jaxb\api\jaxb-api.jar;C:\Program Files\NetBeans 7.1\ide\modules\ext\jaxb\api\jsr173_api.jar" />
    <property name="dist.javadoc.dir" value="dist/javadoc" />
    <property name="libs.spring-webmvc3.0.classpath" value="C:\Program Files\NetBeans 7.1\java\modules\ext\spring-3.0\spring-webmvc-3.0.6.RELEASE.jar" />
    <property name="libs.swing-layout.classpath" value="C:\Program Files\NetBeans 7.1\platform\modules\ext\swing-layout-1.0.4.jar" />
    <property name="jspc.dtds" value="/resources/dtds/" />
    <property name="profiler.j2ee.serverForceRestart" value="true" />
    <property name="libs.restlib.src" value="" />
    <property name="build.generated.dir" value="build/generated" />
    <property name="javac.source" value="1.6" />
    <property name="profiler.info.dir" value="C:\Program Files\NetBeans 7.1\bin" />
    <property name="profiler.session.working.dir" value="" />
    <property name="libs.hibernate-persistence.src" value="" />
    <property name="line.separator" value="&#xd;&#xa;" />
    <property name="profiler.settings.cpu.quick.filterprofiler.simple.filter.name" value="Quick filter..." />
    <property name="java.specification.version" value="1.7" />
    <property name="java.vm.info" value="mixed mode" />
    <property name="libs.jaxws21.maven-pom" value="" />
    <property name="user.country.format" value="GB" />
    <property name="libs.spring-framework.maven-pom" value="" />
    <property name="sun.boot.class.path" value="C:\Program Files\Java\jdk1.7.0\jre\lib\resources.jar;C:\Program Files\Java\jdk1.7.0\jre\lib\rt.jar;C:\Program Files\Java\jdk1.7.0\jre\lib\sunrsasign.jar;C:\Program Files\Java\jdk1.7.0\jre\lib\jsse.jar;C:\Program Files\Java\jdk1.7.0\jre\lib\jce.jar;C:\Program Files\Java\jdk1.7.0\jre\lib\charsets.jar;C:\Program Files\Java\jdk1.7.0\jre\classes;C:\Users\Basem\.netbeans\7.1\lib/jfluid-server.jar;C:\Users\Basem\.netbeans\7.1\lib/jfluid-server-15.jar" />
    <property name="javac.target" value="1.6" />
    <property name="build.test.classes.dir" value="build/test/classes" />
    <property name="src.dir" value="src/java" />
    <property name="sun.awt.keepWorkingSetOnMinimize" value="true" />
    <property name="annotation.processing.enabled" value="true" />
    <property name="libs.jsf20.src" value="" />
    <property name="profiler.settings.instrument.method.invoke" value="true" />
    <property name="libs.jsf12.src" value="" />
    <property name="j2ee.platform" value="1.6-web" />
    <property name="file.reference.SOADispatcher-resources" value="resources" />
    <property name="libs.struts.javadoc" value="C:\Program Files\NetBeans 7.1\enterprise\docs\struts-1.3.10-javadoc.zip" />
    <property name="libs.Comet-GlassFish-v3.classpath" value="C:\glassfish3\glassfish\modules\grizzly-comet.jar" />
    <property name="libs.restlib_gfv3ee6.javadoc" value="C:\Program Files\NetBeans 7.1\enterprise\docs\jsr311-api-1.1.1-javadoc.zip" />
    <property name="web.docbase.dir" value="web" />
    <property name="libs.primefaces.src" value="" />
    <property name="profiler.settings.override.working.dir" value="" />
    <property name="profiler.settings.istrument.getter.setter.methods" value="false" />
    <property name="dist.dir" value="dist" />
    <property name="libs.groovy-all.javadoc" value="" />
    <property name="profiler.session.class.name" value="" />
    <property name="profiler.settings.profile.underlying.framework" value="false" />
    <property name="file.reference.SOADispatcher-jax-ws" value="jax-ws\" />
    <property name="libs.groovy-all.classpath" value="C:\Program Files\NetBeans 7.1\groovy\modules\ext\groovy-all.jar" />
    <property name="javac.fork" value="false" />
    <property name="java.awt.printerjob" value="sun.awt.windows.WPrinterJob" />
    <property name="profiler.session.java.version" value="jdk17" />
    <property name="default.javac.source" value="1.7" />
    <property name="debug-transport-by-os" value="dt_shmem" />
    <property name="auxiliary.org-nbheaven-sqe-codedefects-core.annotation-provider-pmd" value="false" />
    <property name="libs.MySQLDriver.src" value="" />
    <property name="sun.jnu.encoding" value="Cp1252" />
    <property name="ant.file.type.SOADispatcher" value="file" />
    <property name="profiler.settings.obj.alloc.stack.sampling.depth" value="0" />
    <property name="build.test.results.dir" value="build/test/results" />
    <property name="java.runtime.version" value="1.7.0-b147" />
    <property name="libs.ejb3-persistence.javadoc" value="" />
    <property name="profiler.session.class.path" value="C:\math\SOAMath\SOADispatcher/build/web/WEB-INF/classes" />
    <property name="do.tmp.war.package.with.custom.manifest" value="true" />
    <property name="default.javac.target" value="1.7" />
    <property name="libs.Java-EE-GlassFish-v3.src" value="" />
    <property name="libs.junit_4.classpath" value="C:\Users\Basem\.netbeans\7.1\modules\ext\junit-4.10.jar" />
    <property name="user.timezone" value="Europe/Belgrade" />
    <property name="libs.javaee-endorsed-api-6.0.maven-pom" value="" />
    <property name="netbeans.dirs" value="C:\Program Files\NetBeans 7.1\nb;C:\Program Files\NetBeans 7.1\ergonomics;C:\Program Files\NetBeans 7.1\ide;C:\Program Files\NetBeans 7.1\java;C:\Program Files\NetBeans 7.1\apisupport;C:\Program Files\NetBeans 7.1\webcommon;C:\Program Files\NetBeans 7.1\websvccommon;C:\Program Files\NetBeans 7.1\enterprise;C:\Program Files\NetBeans 7.1\mobility;C:\Program Files\NetBeans 7.1\profiler;C:\Program Files\NetBeans 7.1\python;C:\Program Files\NetBeans 7.1\php;C:\Program Files\NetBeans 7.1\identity;C:\Program Files\NetBeans 7.1\harness;C:\Program Files\NetBeans 7.1\cnd;C:\Program Files\NetBeans 7.1\dlight;C:\Program Files\NetBeans 7.1\groovy;C:\Program Files\NetBeans 7.1\extra;C:\Program Files\NetBeans 7.1\javacard;C:\Program Files\NetBeans 7.1\javafx" />
    <property name="libs.jsf20.javadoc" value="C:\Program Files\NetBeans 7.1\enterprise\docs\javaee6-doc-api.zip" />
    <property name="libs.restlib_gfv3ee6.src" value="" />
    <property name="java.ext.dirs" value="C:\Program Files\Java\jdk1.7.0\jre\lib\ext;C:\Windows\Sun\Java\lib\ext" />
    <property name="libs.metro.src" value="" />
    <property name="endorsed.classpath" value="C:\Program Files\NetBeans 7.1\enterprise\modules\ext\javaee6-endorsed\javax.annotation.jar;C:\Program Files\NetBeans 7.1\enterprise\modules\ext\javaee6-endorsed\jaxb-api-osgi.jar;C:\Program Files\NetBeans 7.1\enterprise\modules\ext\javaee6-endorsed\webservices-api-osgi.jar" />
    <property name="libs.absolutelayout.classpath" value="C:\Program Files\NetBeans 7.1\java\modules\ext\AbsoluteLayout.jar" />
    <property name="excludes" value="" />
    <property name="libs.restlib.maven-pom" value="" />
    <property name="libs.metro.classpath" value="C:\Program Files\NetBeans 7.1\ide\modules\ext\jaxb\activation.jar;C:\Program Files\NetBeans 7.1\enterprise\modules\ext\metro\webservices-api.jar;C:\Program Files\NetBeans 7.1\enterprise\modules\ext\metro\webservices-extra-api.jar;C:\Program Files\NetBeans 7.1\enterprise\modules\ext\metro\webservices-extra.jar;C:\Program Files\NetBeans 7.1\enterprise\modules\ext\metro\webservices-rt.jar;C:\Program Files\NetBeans 7.1\enterprise\modules\ext\metro\webservices-tools.jar" />
    <property name="java.class.path" value="C:\math\SOAMath\SOADispatcher\resources;C:\math\SOAMath\SOADispatcher\jax-ws;C:\math\SOAMath\SOADispatcher\build\web\WEB-INF\classes;C:\Users\Basem\.netbeans\7.1\modules\ext\junit-4.10.jar;C:\math\SOAMath\SOADispatcher\build\test\classes;C:\glassfish3\glassfish\modules\javax.jms.jar;C:\glassfish3\glassfish\modules\jersey-core.jar;C:\glassfish3\glassfish\modules\javax.ejb.jar;C:\glassfish3\glassfish\modules\javax.el-api.jar;C:\glassfish3\glassfish\modules\endorsed\javax.annotation.jar;C:\glassfish3\glassfish\modules\endorsed\jaxb-api-osgi.jar;C:\glassfish3\mq\lib\jaxm-api.jar;C:\glassfish3\glassfish\modules\javax.faces.jar;C:\glassfish3\glassfish\modules\javax.management.j2ee.jar;C:\glassfish3\glassfish\modules\endorsed\webservices-api-osgi.jar;C:\glassfish3\glassfish\modules\bean-validator.jar;C:\glassfish3\glassfish\modules\javax.transaction.jar;C:\glassfish3\glassfish\modules\javax.mail.jar;C:\glassfish3\glassfish\modules\javax.servlet-api.jar;C:\glassfish3\glassfish\modules\javax.servlet.jsp-api.jar;C:\glassfish3\glassfish\modules\javax.persistence.jar;C:\glassfish3\glassfish\modules\javax.security.jacc.jar;C:\glassfish3\glassfish\modules\webservices-osgi.jar;C:\glassfish3\glassfish\modules\javax.resource.jar;C:\glassfish3\glassfish\modules\javax.security.auth.message.jar;C:\glassfish3\glassfish\modules\jaxb-osgi.jar;C:\glassfish3\glassfish\modules\javax.servlet.jsp.jstl-api.jar;C:\glassfish3\glassfish\modules\weld-osgi-bundle.jar;C:\glassfish3\glassfish\modules\javax.enterprise.deploy.jar;C:\math\SOAMath\SOADispatcher;C:\glassfish3\glassfish\lib\appserv-rt.jar;C:\glassfish3\glassfish\lib\gf-client.jar;C:\glassfish3\glassfish\lib\javaee.jar;C:\glassfish3\glassfish\lib\javahelp.jar;C:\glassfish3\glassfish\lib\jndi-properties.jar;C:\glassfish3\glassfish\lib\upgrade-tool-l10n.jar;C:\glassfish3\glassfish\lib\upgrade-tool.jar;C:\Program Files\NetBeans 7.1\java\ant\lib\ant-launcher.jar;C:\Program Files\NetBeans 7.1\java\ant\lib\ant.jar;C:\Program Files\NetBeans 7.1\java\ant\lib\ant-junit.jar;C:\Program Files\NetBeans 7.1\java\ant\lib\ant-junit4.jar" />
    <property name="apple.laf.useScreenMenuBar" value="true" />
    <property name="libs.absolutelayout.src" value="" />
    <property name="profiler.settings.instrument.empty.methods" value="false" />
    <property name="j2ee.server.type" value="gfv3ee6" />
    <property name="os.version" value="6.1" />
    <property name="profiler.settings.threads.sampling.enabled" value="true" />
    <property name="libs.EclipseLink-GlassFish-v3.javadoc" value="C:\Program Files\NetBeans 7.1\enterprise\docs\javaee6-doc-api.zip" />
    <property name="sun.awt.enableExtraMouseButtons" value="true" />
    <property name="profiler.session.java.executable" value="C:\Program Files\Java\jdk1.7.0\bin\java.exe" />
    <property name="libs.toplink.javadoc" value="" />
    <property name="sun.desktop" value="windows" />
    <property name="libs.Comet-GlassFish-v3.src" value="" />
    <property name="war.content.additional" value="" />
    <property name="libs.restlib.javadoc" value="C:\Program Files\NetBeans 7.1\enterprise\docs\jersey-1.8-javadoc.zip;C:\Program Files\NetBeans 7.1\enterprise\docs\jersey-apache-client-1.8-javadoc.zip;C:\Program Files\NetBeans 7.1\enterprise\docs\jersey-atom-abdera-1.8-javadoc.zip;C:\Program Files\NetBeans 7.1\enterprise\docs\jersey-guice-1.8-javadoc.zip;C:\Program Files\NetBeans 7.1\enterprise\docs\jersey-multipart-1.8-javadoc.zip;C:\Program Files\NetBeans 7.1\enterprise\docs\jersey-simple-server-1.8-javadoc.zip;C:\Program Files\NetBeans 7.1\enterprise\docs\jersey-spring-1.8-javadoc.zip;C:\Program Files\NetBeans 7.1\enterprise\docs\oauth-client-1.8-javadoc.zip;C:\Program Files\NetBeans 7.1\enterprise\docs\oauth-server-1.8-javadoc.zip;C:\Program Files\NetBeans 7.1\enterprise\docs\oauth-signature-1.8-javadoc.zip" />
    <property name="libs.JAXB-ENDORSED.classpath" value="C:\Program Files\NetBeans 7.1\ide\modules\ext\jaxb\api\jaxb-api.jar" />
    <property name="j2ee.platform.embeddableejb.classpath" value="C:/glassfish3/glassfish/lib/embedded/glassfish-embedded-static-shell.jar" />
    <property name="libs.eclipselink.classpath" value="C:\Program Files\NetBeans 7.1\java\modules\ext\eclipselink\eclipselink-2.3.0.jar;C:\Program Files\NetBeans 7.1\java\modules\ext\eclipselink\javax.persistence-2.0.jar;C:\Program Files\NetBeans 7.1\java\modules\ext\eclipselink\org.eclipse.persistence.jpa.jpql_1.0.0.jar" />
    <property name="profiler.settings.settings.name" value="Analyze Performance" />
    <property name="libs.beans-binding.javadoc" value="C:\Program Files\NetBeans 7.1\java\docs\beansbinding-1.2.1-doc.zip" />
    <property name="java.awt.graphicsenv" value="sun.awt.Win32GraphicsEnvironment" />
    <property name="libs.Java-EE-GlassFish-v3.classpath" value="C:\glassfish3\glassfish\modules\javax.jms.jar;C:\glassfish3\glassfish\modules\jersey-core.jar;C:\glassfish3\glassfish\modules\javax.ejb.jar;C:\glassfish3\glassfish\modules\javax.el-api.jar;C:\glassfish3\glassfish\modules\endorsed\javax.annotation.jar;C:\glassfish3\glassfish\modules\endorsed\jaxb-api-osgi.jar;C:\glassfish3\mq\lib\jaxm-api.jar;C:\glassfish3\glassfish\modules\javax.faces.jar;C:\glassfish3\glassfish\modules\javax.management.j2ee.jar;C:\glassfish3\glassfish\modules\endorsed\webservices-api-osgi.jar;C:\glassfish3\glassfish\modules\bean-validator.jar;C:\glassfish3\glassfish\modules\javax.transaction.jar;C:\glassfish3\glassfish\modules\javax.mail.jar;C:\glassfish3\glassfish\modules\javax.servlet-api.jar;C:\glassfish3\glassfish\modules\javax.servlet.jsp-api.jar;C:\glassfish3\glassfish\modules\javax.persistence.jar;C:\glassfish3\glassfish\modules\javax.security.jacc.jar;C:\glassfish3\glassfish\modules\webservices-osgi.jar;C:\glassfish3\glassfish\modules\javax.resource.jar;C:\glassfish3\glassfish\modules\javax.security.auth.message.jar;C:\glassfish3\glassfish\modules\jaxb-osgi.jar;C:\glassfish3\glassfish\modules\javax.servlet.jsp.jstl-api.jar;C:\glassfish3\glassfish\modules\weld-osgi-bundle.jar;C:\glassfish3\glassfish\modules\javax.enterprise.deploy.jar;C:\glassfish3\glassfish\modules\web-core.jar;C:\glassfish3\glassfish\modules\jackson-core-asl.jar;C:\glassfish3\glassfish\modules\jackson-jaxrs.jar;C:\glassfish3\glassfish\modules\jackson-mapper-asl.jar;C:\glassfish3\glassfish\modules\jersey-client.jar;C:\glassfish3\glassfish\modules\jersey-core.jar;C:\glassfish3\glassfish\modules\jersey-gf-server.jar;C:\glassfish3\glassfish\modules\jersey-json.jar;C:\glassfish3\glassfish\modules\jersey-multipart.jar;C:\glassfish3\glassfish\modules\jettison.jar;C:\glassfish3\glassfish\modules\mimepull.jar" />
    <property name="profiler.info.jvmargs.agent" value="-agentpath:C:\Users\Basem\.netbeans\7.1\lib\deployed\jdk16\windows-amd64\profilerinterface.dll=C:\Users\Basem\.netbeans\7.1\lib,5140" />
    <property name="java.vm.vendor" value="Oracle Corporation" />
    <property name="libs.CopyLibs.classpath" value="C:\Users\Basem\.netbeans\7.1\ant\extra\org-netbeans-modules-java-j2seproject-copylibstask.jar" />
    <property name="libs.spring-framework300.classpath" value="C:\Program Files\NetBeans 7.1\ide\modules\org-apache-commons-logging.jar;C:\Program Files\NetBeans 7.1\java\modules\ext\cglib-2.2.jar;C:\Program Files\NetBeans 7.1\java\modules\ext\spring-3.0\spring-aop-3.0.6.RELEASE.jar;C:\Program Files\NetBeans 7.1\java\modules\ext\spring-3.0\spring-asm-3.0.6.RELEASE.jar;C:\Program Files\NetBeans 7.1\java\modules\ext\spring-3.0\spring-aspects-3.0.6.RELEASE.jar;C:\Program Files\NetBeans 7.1\java\modules\ext\spring-3.0\spring-beans-3.0.6.RELEASE.jar;C:\Program Files\NetBeans 7.1\java\modules\ext\spring-3.0\spring-context-3.0.6.RELEASE.jar;C:\Program Files\NetBeans 7.1\java\modules\ext\spring-3.0\spring-context-support-3.0.6.RELEASE.jar;C:\Program Files\NetBeans 7.1\java\modules\ext\spring-3.0\spring-core-3.0.6.RELEASE.jar;C:\Program Files\NetBeans 7.1\java\modules\ext\spring-3.0\spring-expression-3.0.6.RELEASE.jar;C:\Program Files\NetBeans 7.1\java\modules\ext\spring-3.0\spring-instrument-3.0.6.RELEASE.jar;C:\Program Files\NetBeans 7.1\java\modules\ext\spring-3.0\spring-instrument-tomcat-3.0.6.RELEASE.jar;C:\Program Files\NetBeans 7.1\java\modules\ext\spring-3.0\spring-jdbc-3.0.6.RELEASE.jar;C:\Program Files\NetBeans 7.1\java\modules\ext\spring-3.0\spring-jms-3.0.6.RELEASE.jar;C:\Program Files\NetBeans 7.1\java\modules\ext\spring-3.0\spring-orm-3.0.6.RELEASE.jar;C:\Program Files\NetBeans 7.1\java\modules\ext\spring-3.0\spring-oxm-3.0.6.RELEASE.jar;C:\Program Files\NetBeans 7.1\java\modules\ext\spring-3.0\spring-test-3.0.6.RELEASE.jar;C:\Program Files\NetBeans 7.1\java\modules\ext\spring-3.0\spring-tx-3.0.6.RELEASE.jar;C:\Program Files\NetBeans 7.1\java\modules\ext\spring-3.0\spring-web-3.0.6.RELEASE.jar;C:\Program Files\NetBeans 7.1\java\modules\ext\spring-3.0\spring-webmvc-portlet-3.0.6.RELEASE.jar;C:\Program Files\NetBeans 7.1\java\modules\ext\spring-3.0\spring-webmvc-3.0.6.RELEASE.jar;C:\Program Files\NetBeans 7.1\java\modules\ext\spring-3.0\spring-struts-3.0.6.RELEASE.jar" />
    <property name="libs.jsp-compiler.maven-pom" value="" />
    <property name="libs.spring-webmvc.maven-pom" value="" />
    <property name="libs.Java-EE-GlassFish-v3.wsinterop" value="" />
    <property name="libs.ejb3-persistence.classpath" value="C:\Program Files\NetBeans 7.1\java\modules\ext\hibernate\ejb3-persistence.jar" />
    <property name="libs.spring-framework.javadoc" value="" />
    <property name="libs.JAXB-ENDORSED.src" value="" />
    <property name="user.script" value="" />
    <property name="libs.PostgreSQLDriver.classpath" value="C:\Program Files\NetBeans 7.1\ide\modules\ext\postgresql-8.3-603.jdbc3.jar" />
    <property name="libs.jsf12.maven-pom" value="" />
    <property name="libs.junit.src" value="" />
    <property name="annotation.processing.source.output" value="build/generated-sources/ap-source-output" />
    <property name="libs.CopyLibs.src" value="" />
    <property name="build.dir" value="build" />
    <property name="libs.jsp-compilation.classpath" value="C:\Program Files\NetBeans 7.1\java\ant\lib\ant.jar;C:\Program Files\NetBeans 7.1\enterprise\modules\ext\servlet3.0-jsp2.2-api.jar;C:\Program Files\NetBeans 7.1\enterprise\modules\ext\glassfish-jspparser-3.0.jar;C:\Program Files\NetBeans 7.1\enterprise\modules\ext\jsf-2_1\jsf-api.jar;C:\Program Files\NetBeans 7.1\enterprise\modules\ext\jstl.jar;C:\Program Files\NetBeans 7.1\java\ant\lib\ant-launcher.jar" />
    <property name="j2ee.platform.is.jsr109" value="true" />
    <property name="ant.version" value="Apache Ant(TM) version 1.8.2 compiled on December 20 2010" />
    <property name="file.encoding" value="Cp1252" />
    <property name="build.classes.excludes" value="**/*.java,**/*.form" />
    <property name="javadoc.nonavbar" value="false" />
    <property name="jdkBug6558476" value="false" />
    <property name="platform.active" value="default_platform" />
    <property name="profiler.settings.cpu.profiling.type" value="2" />
    <property name="awt.toolkit" value="sun.awt.windows.WToolkit" />
    <property name="war.ear.name" value="SOADispatcher.war" />
  </properties>
  <testcase classname="org.soa.math.dispatch.MathDispatchFunctionalTest" name="add_validNumbers_additionResult" time="31.702" />
  <system-out><![CDATA[]]></system-out>
  <system-err><![CDATA[Mar 30, 2012 10:40:14 AM org.soa.math.queue.QueueMonitor startMonitor
WARNING: starting queue monitor
Mar 30, 2012 10:40:14 AM org.soa.math.resource.ArithmaticWebServiceResourceMonitor startMonitor
WARNING: starting resource monitor
]]></system-err>
</testsuite>
